
Resetted rpmcurrent: 133936, 132923
Valve closed
Valve opened
Valve in hold
Valve closed
Valve openedWebSocket client #1 connected from 42.42.42.43

Valve in hold
Valve closed
Valve opened
Valve closed
Valve opened
Valve closed
Valve opened
Valve in hold
Valve closed
Valve opened
Valve closed
Valve opened
Valve closed
Valve opened
Valve in holdWebSocket client #2 connected from 42.42.42.43

Valve closed
Valve opened
Valve in hold
Valve closed
Valve opened
Valve in hold
Valve closed
Valve opened
Valve closed
Valve opened
Valve in hold
Valve closed
Valve opened
Valve in hold
Valve closed
Valve opened
Valve in hold
Valve closed
Valve opened
Valve in hold
Valve closed
Valve opened
Valve in hold
Valve closed
Valve opened
Valve in hold
Valve closed
Valve opened
Valve closed
Valve opened
Valve in hold
Resetted rpmcurrent: 175838, 174823
Valve closed
Valve opened
Valve in hold
Resetted rpmcurrent: 177869, 176865
Valve closedWebSocket client #2 disconnected

Valve opened
Valve in holdWebSocket client #3 connected from 42.42.42.43

Valve closed
Valve opened
Valve in hold
Valve closed
Valve opened
Valve in hold
Valve closed
Valve opened
Valve in hold
Resetted rpmcurrent: 194100, 193087
Valve closed
Valve opened
Valve closedWebSocket client #3 disconnected

Valve opened
Valve in hold
Resetted rpmcurrent: 201969, 200968
Valve closed
Valve opened
Valve in hold
Valve closed
Valve opened
Valve in hold
Resetted rpmcurrent: 207833, 206823
Valve closed
Valve opened
Valve closed
Valve in hold
Valve opened
Valve closed
Valve opened
Valve closed
Valve in hold
Valve opened
Valve closed
Valve opened
Valve closed
Valve opened
Valve in hold
Valve closed
Valve opened
Valve closed
Valve opened
Valve closed
Valve opened
Valve closed
Valve opened
Valve in hold
Resetted rpmcurrent: 227409, 226397
Valve closed
Valve opened
Valve in hold
Resetted rpmcurrent: 235653, 234653
Valve closed
Valve opened
Valve closed
Valve in hold
Resetted rpmcurrent: 237334, 236319
Valve opened
Valve closed
Valve opened
Valve closed
Valve opened
Valve in hold
Resetted rpmcurrent: 282722, 281703
Valve closed
Valve opened
Valve closed
Valve in hold
Resetted rpmcurrent: 285742, 284741
Valve opened
Valve closed
Valve opened
Valve in hold
Resetted rpmcurrent: 288711, 287693
Valve closed
Valve opened
Valve closed
Valve opened
Valve in hold
Resetted rpmcurrent: 289992, 288977
Valve closed
Valve opened
Valve closed
Valve opened
Valve closed
Valve opened
Resetted rpm
Valve in holdcurrent: 296498, 295480
Valve closed
Valve opened
Valve in hold
Resetted rpmcurrent: 301503, 300501
Valve closed
Valve opened
Valve closed
Valve opened
Valve closed
Valve opened
Valve closed
Valve opened
Valve in hold
Resetted rpmcurrent: 316394, 315385
Valve closed
Valve opened
Valve closed
Valve opened
Valve closed
Valve opened
Valve closed
Valve opened
Valve closed
Valve opened
Valve closed
Valve opened
Resetted rpm
Valve in holdcurrent: 319595, 318577
Valve closed
Valve opened
Valve in hold
Resetted rpmcurrent: 408020, 407002
Valve closed
Valve opened
Valve closed
Valve in holdWebSocket client #4 connected from 0.0.0.0
WebSocket client #4 disconnected

Valve opened
Resetted rpm
Valve in holdcurrent: 445043, 444025
Valve closed
Valve opened
Valve closed
Valve opened
Valve closed
Valve in holdWebSocket client #5 connected from 42.42.42.45
WebSocket client #5 disconnected
